<?xml version="1.0" encoding="UTF-8"?>
<!-- Generated by org.testng.reporters.JUnitXMLReporter -->
<testsuite ignored="0" hostname="Marktine-R3" failures="0" tests="5" name="chrometest" time="35.867" errors="0" timestamp="2024-02-15T20:53:37 IST">
  <testcase classname="testCases.LoginTestCase" name="verifyLogin" time="0.763"/>
  <testcase classname="testCases.LoginTestCase" name="verifyOrgProfile" time="11.642"/>
  <testcase classname="testCases.LoginTestCase" name="verifySalaryTab" time="8.146"/>
  <testcase classname="testCases.LoginTestCase" name="verifyFullPayDetails" time="8.122"/>
  <testcase classname="testCases.LoginTestCase" name="verifyJobtitleandNavigation" time="0.156"/>
</testsuite> <!-- chrometest -->
