<?xml version="1.0" encoding="UTF-8"?>
<!-- Generated by org.testng.reporters.JUnitXMLReporter -->
<testsuite ignored="0" hostname="Marktine-R3" failures="0" tests="5" name="edgetest" time="35.163" errors="0" timestamp="2024-02-15T20:54:12 IST">
  <testcase classname="testCases.LoginTestCase" name="verifyLogin" time="0.783"/>
  <testcase classname="testCases.LoginTestCase" name="verifyOrgProfile" time="11.963"/>
  <testcase classname="testCases.LoginTestCase" name="verifySalaryTab" time="8.125"/>
  <testcase classname="testCases.LoginTestCase" name="verifyFullPayDetails" time="8.144"/>
  <testcase classname="testCases.LoginTestCase" name="verifyJobtitleandNavigation" time="0.145"/>
</testsuite> <!-- edgetest -->
