<?xml version="1.0" encoding="UTF-8"?>
<!-- Generated by org.testng.reporters.JUnitXMLReporter -->
<testsuite ignored="0" hostname="Marktine-R3" failures="0" tests="5" name="Test" time="41.518" errors="0" timestamp="2024-02-24T09:54:51 IST">
  <testcase classname="testCases.LoginTestCase" name="verifyLogin" time="0.725"/>
  <testcase classname="testCases.LoginTestCase" name="verifyOrgProfile" time="11.583"/>
  <testcase classname="testCases.LoginTestCase" name="verifySalaryTab" time="8.153"/>
  <testcase classname="testCases.LoginTestCase" name="verifyFullPayDetails" time="8.096"/>
  <testcase classname="testCases.LoginTestCase" name="verifyJobtitleandNavigation" time="0.15"/>
</testsuite> <!-- Test -->
