<?xml version="1.0" encoding="UTF-8"?>
<!-- Generated by org.testng.reporters.JUnitXMLReporter -->
<testsuite ignored="0" hostname="Marktine-R3" failures="0" tests="5" name="Test" time="34.424" errors="0" timestamp="2024-02-21T19:08:10 IST">
  <testcase classname="testCases.LoginTestCase" name="verifyLogin" time="0.763"/>
  <testcase classname="testCases.LoginTestCase" name="verifyOrgProfile" time="11.537"/>
  <testcase classname="testCases.LoginTestCase" name="verifySalaryTab" time="8.169"/>
  <testcase classname="testCases.LoginTestCase" name="verifyFullPayDetails" time="8.1"/>
  <testcase classname="testCases.LoginTestCase" name="verifyJobtitleandNavigation" time="0.17"/>
</testsuite> <!-- Test -->
