<?xml version="1.0" encoding="UTF-8"?>
<testng-results ignored="0" total="5" passed="5" failed="0" skipped="0">
  <reporter-output>
  </reporter-output>
  <suite started-at="2024-02-21T19:07:35 IST" name="Suite" finished-at="2024-02-21T19:08:09 IST" duration-ms="34424">
    <groups>
    </groups>
    <test started-at="2024-02-21T19:07:35 IST" name="Test" finished-at="2024-02-21T19:08:09 IST" duration-ms="34424">
      <class name="testCases.LoginTestCase">
        <test-method is-config="true" signature="setUp(java.lang.String,java.lang.String)[pri:0, instance:testCases.LoginTestCase@1d2adfbe]" started-at="2024-02-21T19:07:35 IST" name="setUp" finished-at="2024-02-21T19:07:40 IST" duration-ms="5018" status="PASS">
          <params>
            <param index="0">
              <value>
                <![CDATA[Windows]]>
              </value>
            </param>
            <param index="1">
              <value>
                <![CDATA[chrome]]>
              </value>
            </param>
          </params>
          <reporter-output>
          </reporter-output>
        </test-method> <!-- setUp -->
        <test-method signature="verifyLogin()[pri:1, instance:testCases.LoginTestCase@1d2adfbe]" started-at="2024-02-21T19:07:40 IST" name="verifyLogin" finished-at="2024-02-21T19:07:41 IST" duration-ms="763" status="PASS">
          <reporter-output>
          </reporter-output>
        </test-method> <!-- verifyLogin -->
        <test-method signature="verifyOrgProfile()[pri:2, instance:testCases.LoginTestCase@1d2adfbe]" started-at="2024-02-21T19:07:41 IST" name="verifyOrgProfile" finished-at="2024-02-21T19:07:52 IST" duration-ms="11537" status="PASS">
          <reporter-output>
          </reporter-output>
        </test-method> <!-- verifyOrgProfile -->
        <test-method signature="verifySalaryTab()[pri:3, instance:testCases.LoginTestCase@1d2adfbe]" started-at="2024-02-21T19:07:52 IST" name="verifySalaryTab" finished-at="2024-02-21T19:08:01 IST" duration-ms="8169" status="PASS">
          <reporter-output>
          </reporter-output>
        </test-method> <!-- verifySalaryTab -->
        <test-method signature="verifyFullPayDetails()[pri:4, instance:testCases.LoginTestCase@1d2adfbe]" started-at="2024-02-21T19:08:01 IST" name="verifyFullPayDetails" finished-at="2024-02-21T19:08:09 IST" duration-ms="8100" status="PASS">
          <reporter-output>
          </reporter-output>
        </test-method> <!-- verifyFullPayDetails -->
        <test-method signature="verifyJobtitleandNavigation()[pri:5, instance:testCases.LoginTestCase@1d2adfbe]" started-at="2024-02-21T19:08:09 IST" name="verifyJobtitleandNavigation" finished-at="2024-02-21T19:08:09 IST" duration-ms="170" status="PASS">
          <reporter-output>
          </reporter-output>
        </test-method> <!-- verifyJobtitleandNavigation -->
        <test-method is-config="true" signature="tearDown()[pri:0, instance:testCases.LoginTestCase@1d2adfbe]" started-at="2024-02-21T19:08:09 IST" name="tearDown" finished-at="2024-02-21T19:08:09 IST" duration-ms="345" status="PASS">
          <reporter-output>
          </reporter-output>
        </test-method> <!-- tearDown -->
      </class> <!-- testCases.LoginTestCase -->
    </test> <!-- Test -->
  </suite> <!-- Suite -->
</testng-results>
