<?xml version="1.0" encoding="UTF-8"?>
<testng-results ignored="0" total="5" passed="5" failed="0" skipped="0">
  <reporter-output>
  </reporter-output>
  <suite started-at="2024-02-24T09:54:08 IST" name="Suite" finished-at="2024-02-24T09:54:50 IST" duration-ms="41518">
    <groups>
    </groups>
    <test started-at="2024-02-24T09:54:08 IST" name="Test" finished-at="2024-02-24T09:54:50 IST" duration-ms="41518">
      <class name="testCases.LoginTestCase">
        <test-method is-config="true" signature="setUp(java.lang.String,java.lang.String)[pri:0, instance:testCases.LoginTestCase@702657cc]" started-at="2024-02-24T09:54:08 IST" name="setUp" finished-at="2024-02-24T09:54:20 IST" duration-ms="12011" status="PASS">
          <params>
            <param index="0">
              <value>
                <![CDATA[Windows]]>
              </value>
            </param>
            <param index="1">
              <value>
                <![CDATA[chrome]]>
              </value>
            </param>
          </params>
          <reporter-output>
          </reporter-output>
        </test-method> <!-- setUp -->
        <test-method signature="verifyLogin()[pri:1, instance:testCases.LoginTestCase@702657cc]" started-at="2024-02-24T09:54:21 IST" name="verifyLogin" finished-at="2024-02-24T09:54:21 IST" duration-ms="725" status="PASS">
          <reporter-output>
          </reporter-output>
        </test-method> <!-- verifyLogin -->
        <test-method signature="verifyOrgProfile()[pri:2, instance:testCases.LoginTestCase@702657cc]" started-at="2024-02-24T09:54:21 IST" name="verifyOrgProfile" finished-at="2024-02-24T09:54:33 IST" duration-ms="11583" status="PASS">
          <reporter-output>
          </reporter-output>
        </test-method> <!-- verifyOrgProfile -->
        <test-method signature="verifySalaryTab()[pri:3, instance:testCases.LoginTestCase@702657cc]" started-at="2024-02-24T09:54:33 IST" name="verifySalaryTab" finished-at="2024-02-24T09:54:41 IST" duration-ms="8153" status="PASS">
          <reporter-output>
          </reporter-output>
        </test-method> <!-- verifySalaryTab -->
        <test-method signature="verifyFullPayDetails()[pri:4, instance:testCases.LoginTestCase@702657cc]" started-at="2024-02-24T09:54:41 IST" name="verifyFullPayDetails" finished-at="2024-02-24T09:54:49 IST" duration-ms="8096" status="PASS">
          <reporter-output>
          </reporter-output>
        </test-method> <!-- verifyFullPayDetails -->
        <test-method signature="verifyJobtitleandNavigation()[pri:5, instance:testCases.LoginTestCase@702657cc]" started-at="2024-02-24T09:54:49 IST" name="verifyJobtitleandNavigation" finished-at="2024-02-24T09:54:49 IST" duration-ms="150" status="PASS">
          <reporter-output>
          </reporter-output>
        </test-method> <!-- verifyJobtitleandNavigation -->
        <test-method is-config="true" signature="tearDown()[pri:0, instance:testCases.LoginTestCase@702657cc]" started-at="2024-02-24T09:54:49 IST" name="tearDown" finished-at="2024-02-24T09:54:50 IST" duration-ms="374" status="PASS">
          <reporter-output>
          </reporter-output>
        </test-method> <!-- tearDown -->
      </class> <!-- testCases.LoginTestCase -->
    </test> <!-- Test -->
  </suite> <!-- Suite -->
</testng-results>
